<?xml version="1.0" encoding="UTF-8"?>
<!-- Generated by org.testng.reporters.JUnitReportReporter -->
<testsuite skipped="0" hostname="win" name="TestScript.Test_BrokenImages" tests="1" failures="0" timestamp="25 Sep 2018 09:23:15 GMT" time="3.451" errors="0">
  <testcase name="Broken_Images" time="3.451" classname="TestScript.Test_BrokenImages"/>
</testsuite> <!-- TestScript.Test_BrokenImages -->
