<?xml version="1.0" encoding="UTF-8"?>
<!-- Generated by org.testng.reporters.JUnitReportReporter -->
<testsuite skipped="0" hostname="win" name="testPractice.ParallelTestRun" tests="1" failures="0" timestamp="27 Sep 2018 06:22:22 GMT" time="9.648" errors="0">
  <testcase name="executSessionOne" time="9.648" classname="testPractice.ParallelTestRun"/>
</testsuite> <!-- testPractice.ParallelTestRun -->
