<?xml version="1.0" encoding="UTF-8"?>
<!-- Generated by org.testng.reporters.JUnitReportReporter -->
<testsuite skipped="0" hostname="win" name="TestScript.Test_DynamicControls" tests="1" failures="0" timestamp="20 Sep 2018 08:49:25 GMT" time="8.935" errors="0">
  <testcase name="Practice_2" time="8.935" classname="TestScript.Test_DynamicControls"/>
</testsuite> <!-- TestScript.Test_DynamicControls -->
