<?xml version="1.0" encoding="UTF-8"?>
<!-- Generated by org.testng.reporters.JUnitReportReporter -->
<testsuite skipped="0" hostname="win" name="MainScript.Log" tests="1" failures="0" timestamp="25 Sep 2018 10:25:36 GMT" time="0.056" errors="0">
  <testcase name="tracelog" time="0.056" classname="MainScript.Log"/>
</testsuite> <!-- MainScript.Log -->
