<?xml version="1.0" encoding="UTF-8"?>
<!-- Generated by org.testng.reporters.JUnitReportReporter -->
<testsuite skipped="0" hostname="win" name="TestScript.Test_ABTesting" tests="1" failures="0" timestamp="16 Aug 2018 08:39:11 GMT" time="2.816" errors="0">
  <testcase name="AB_Testing" time="2.816" classname="TestScript.Test_ABTesting"/>
</testsuite> <!-- TestScript.Test_ABTesting -->
