<?xml version="1.0" encoding="UTF-8"?>
<!-- Generated by org.testng.reporters.JUnitReportReporter -->
<testsuite skipped="0" hostname="win" name="TestScript.Test_DynamicContent" tests="1" failures="0" timestamp="14 Sep 2018 06:34:33 GMT" time="3.267" errors="0">
  <testcase name="DynamicContent" time="3.267" classname="TestScript.Test_DynamicContent"/>
</testsuite> <!-- TestScript.Test_DynamicContent -->
