<?xml version="1.0" encoding="UTF-8"?>
<!-- Generated by org.testng.reporters.JUnitReportReporter -->
<testsuite skipped="0" hostname="win" name="TestScript.Test_BasicAuth" tests="1" failures="0" timestamp="26 Sep 2018 04:54:15 GMT" time="1.132" errors="0">
  <testcase name="Basic_Auth_1" time="1.132" classname="TestScript.Test_BasicAuth"/>
</testsuite> <!-- TestScript.Test_BasicAuth -->
