<?xml version="1.0" encoding="UTF-8"?>
<!-- Generated by org.testng.reporters.JUnitReportReporter -->
<testsuite skipped="0" hostname="win" name="TestScript.Test_DisappearingElements" tests="1" failures="0" timestamp="12 Sep 2018 12:47:52 GMT" time="8.005" errors="0">
  <testcase name="DisappearingElements" time="8.005" classname="TestScript.Test_DisappearingElements"/>
</testsuite> <!-- TestScript.Test_DisappearingElements -->
