<?xml version="1.0" encoding="UTF-8"?>
<!-- Generated by org.testng.reporters.JUnitReportReporter -->
<testsuite skipped="0" hostname="win" name="TestScript.Test_Checkboxes" tests="1" failures="0" timestamp="20 Aug 2018 05:27:45 GMT" time="3.056" errors="0">
  <testcase name="Checkboxes" time="3.056" classname="TestScript.Test_Checkboxes"/>
</testsuite> <!-- TestScript.Test_Checkboxes -->
