<?xml version="1.0" encoding="UTF-8"?>
<!-- Generated by org.testng.reporters.JUnitReportReporter -->
<testsuite skipped="0" hostname="win" name="TestScript.Test_DisappearingElements" tests="1" failures="0" timestamp="20 Aug 2018 09:12:30 GMT" time="3.355" errors="0">
  <testcase name="DisappearingElements" time="3.355" classname="TestScript.Test_DisappearingElements"/>
</testsuite> <!-- TestScript.Test_DisappearingElements -->
