<?xml version="1.0" encoding="UTF-8"?>
<!-- Generated by org.testng.reporters.JUnitReportReporter -->
<testsuite skipped="0" hostname="win" name="TestScript.Test_Checkboxes" tests="1" failures="0" timestamp="12 Sep 2018 12:43:02 GMT" time="3.772" errors="0">
  <testcase name="Checkboxes" time="3.772" classname="TestScript.Test_Checkboxes"/>
</testsuite> <!-- TestScript.Test_Checkboxes -->
