<?xml version="1.0" encoding="UTF-8"?>
<!-- Generated by org.testng.reporters.JUnitReportReporter -->
<testsuite skipped="0" hostname="win" name="TestScript.Test_BrokenImages" tests="1" failures="0" timestamp="16 Aug 2018 12:21:00 GMT" time="5.708" errors="0">
  <testcase name="Broken_Images" time="5.708" classname="TestScript.Test_BrokenImages"/>
</testsuite> <!-- TestScript.Test_BrokenImages -->
