<?xml version="1.0" encoding="UTF-8"?>
<!-- Generated by org.testng.reporters.JUnitReportReporter -->
<testsuite skipped="0" hostname="win" name="TestScript.Test_ABTesting" tests="1" failures="0" timestamp="26 Sep 2018 04:54:15 GMT" time="6.336" errors="0">
  <testcase name="AB_Testing_1" time="6.336" classname="TestScript.Test_ABTesting"/>
</testsuite> <!-- TestScript.Test_ABTesting -->
