<?xml version="1.0" encoding="UTF-8"?>
<!-- Generated by org.testng.reporters.JUnitReportReporter -->
<testsuite skipped="0" hostname="win" name="TestScript.Test_BasicAuth" tests="1" failures="0" timestamp="01 Oct 2018 07:09:32 GMT" time="6.371" errors="0">
  <testcase name="Basic_Auth_1" time="6.371" classname="TestScript.Test_BasicAuth"/>
</testsuite> <!-- TestScript.Test_BasicAuth -->
