<?xml version="1.0" encoding="UTF-8"?>
<!-- Generated by org.testng.reporters.JUnitReportReporter -->
<testsuite skipped="0" hostname="win" name="TestScript.Test_ABTesting" tests="1" failures="0" timestamp="14 Aug 2018 12:37:45 GMT" time="2.185" errors="0">
  <testcase name="f" time="2.185" classname="TestScript.Test_ABTesting"/>
</testsuite> <!-- TestScript.Test_ABTesting -->
