<?xml version="1.0" encoding="UTF-8"?>
<!-- Generated by org.testng.reporters.JUnitReportReporter -->
<testsuite skipped="0" hostname="win" name="TestScript.Test_DynamicControls" tests="1" failures="0" timestamp="01 Oct 2018 05:44:50 GMT" time="20.173" errors="0">
  <testcase name="Practice_2" time="20.173" classname="TestScript.Test_DynamicControls"/>
</testsuite> <!-- TestScript.Test_DynamicControls -->
