<?xml version="1.0" encoding="UTF-8"?>
<!-- Generated by org.testng.reporters.JUnitReportReporter -->
<testsuite skipped="0" hostname="win" name="TestScript.Test_ContextMenu" tests="1" failures="0" timestamp="12 Sep 2018 12:44:30 GMT" time="8.335" errors="0">
  <testcase name="ContextMenu" time="8.335" classname="TestScript.Test_ContextMenu"/>
</testsuite> <!-- TestScript.Test_ContextMenu -->
