<?xml version="1.0" encoding="UTF-8"?>
<!-- Generated by org.testng.reporters.JUnitReportReporter -->
<testsuite skipped="0" hostname="win" name="TestScript.Test_DragandDrop" tests="1" failures="0" timestamp="22 Aug 2018 07:09:20 GMT" time="6.991" errors="0">
  <testcase name="DragandDrop" time="6.991" classname="TestScript.Test_DragandDrop"/>
</testsuite> <!-- TestScript.Test_DragandDrop -->
