<?xml version="1.0" encoding="UTF-8"?>
<!-- Generated by org.testng.reporters.JUnitReportReporter -->
<testsuite skipped="0" hostname="win" name="TestScript.Test_Dropdown" tests="1" failures="0" timestamp="23 Aug 2018 11:03:18 GMT" time="3.977" errors="0">
  <testcase name="Dropdown" time="3.977" classname="TestScript.Test_Dropdown"/>
</testsuite> <!-- TestScript.Test_Dropdown -->
