<?xml version="1.0" encoding="UTF-8"?>
<!-- Generated by org.testng.reporters.JUnitReportReporter -->
<testsuite skipped="0" hostname="win" name="testPractice.TestNGDependsOnMethodsExample" tests="1" failures="0" timestamp="26 Sep 2018 09:32:17 GMT" time="0.015" errors="0">
  <testcase name="testAdd" time="0.015" classname="testPractice.TestNGDependsOnMethodsExample"/>
</testsuite> <!-- testPractice.TestNGDependsOnMethodsExample -->
