<?xml version="1.0" encoding="UTF-8"?>
<!-- Generated by org.testng.reporters.JUnitReportReporter -->
<testsuite skipped="0" hostname="win" name="MainScript.Class_1" tests="2" failures="0" timestamp="13 Aug 2018 09:48:26 GMT" time="0.018" errors="0">
  <testcase name="f" time="0.014" classname="MainScript.Class_1"/>
  <testcase name="f" time="0.004" classname="MainScript.Class_1"/>
</testsuite> <!-- MainScript.Class_1 -->
