<?xml version="1.0" encoding="UTF-8"?>
<!-- Generated by org.testng.reporters.JUnitReportReporter -->
<testsuite skipped="0" hostname="win" name="TestScript.Test_ABTesting" tests="1" failures="0" timestamp="14 Sep 2018 12:50:12 GMT" time="1.161" errors="0">
  <testcase name="AB_Testing" time="1.161" classname="TestScript.Test_ABTesting"/>
</testsuite> <!-- TestScript.Test_ABTesting -->
