<?xml version="1.0" encoding="UTF-8"?>
<!-- Generated by org.testng.reporters.JUnitReportReporter -->
<testsuite skipped="0" hostname="win" name="testPractice.ParallelTestRun" tests="1" failures="0" timestamp="26 Sep 2018 12:43:25 GMT" time="32.609" errors="0">
  <testcase name="executSessionOne" time="32.609" classname="testPractice.ParallelTestRun"/>
</testsuite> <!-- testPractice.ParallelTestRun -->
