<?xml version="1.0" encoding="UTF-8"?>
<!-- Generated by org.testng.reporters.JUnitReportReporter -->
<testsuite skipped="0" hostname="win" name="TestScript.Test_Dropdown" tests="1" failures="0" timestamp="14 Sep 2018 04:46:42 GMT" time="3.385" errors="0">
  <testcase name="Dropdown" time="3.385" classname="TestScript.Test_Dropdown"/>
</testsuite> <!-- TestScript.Test_Dropdown -->
