<?xml version="1.0" encoding="UTF-8"?>
<!-- Generated by org.testng.reporters.JUnitReportReporter -->
<testsuite skipped="0" hostname="win" name="TestScript.Test_BasicAuth" tests="1" failures="0" timestamp="25 Sep 2018 09:43:27 GMT" time="5.700" errors="0">
  <testcase name="Basic_Auth_1" time="5.700" classname="TestScript.Test_BasicAuth"/>
</testsuite> <!-- TestScript.Test_BasicAuth -->
