<?xml version="1.0" encoding="UTF-8"?>
<!-- Generated by org.testng.reporters.JUnitReportReporter -->
<testsuite skipped="0" hostname="win" name="TestScript.Test_BasicAuth" tests="1" failures="0" timestamp="17 Sep 2018 07:00:17 GMT" time="4.480" errors="0">
  <testcase name="Basic_Auth_1" time="4.480" classname="TestScript.Test_BasicAuth"/>
</testsuite> <!-- TestScript.Test_BasicAuth -->
