<?xml version="1.0" encoding="UTF-8"?>
<!-- Generated by org.testng.reporters.JUnitReportReporter -->
<testsuite skipped="0" hostname="win" name="TestScript.Test_ContextMenu" tests="1" failures="0" timestamp="20 Aug 2018 07:09:31 GMT" time="7.017" errors="0">
  <testcase name="ContextMenu" time="7.017" classname="TestScript.Test_ContextMenu"/>
</testsuite> <!-- TestScript.Test_ContextMenu -->
