<?xml version="1.0" encoding="UTF-8"?>
<!-- Generated by org.testng.reporters.JUnitReportReporter -->
<testsuite skipped="0" hostname="win" name="TestScript.Test_DragandDrop" tests="1" failures="0" timestamp="20 Aug 2018 09:42:46 GMT" time="5.096" errors="0">
  <testcase name="DragandDrop" time="5.096" classname="TestScript.Test_DragandDrop"/>
</testsuite> <!-- TestScript.Test_DragandDrop -->
